PRT1
43
82
4 0 5 (1408 4096 -768 ) (1408 4096 -512 ) (1088 4096 -512 ) (1088 4096 -768 ) 
4 0 3 (1408 4096 -512 ) (1408 4096 768 ) (1088 4096 768 ) (1088 4096 -512 ) 
4 0 1 (1088 4096 -192 ) (1088 4096 768 ) (1088 4160 768 ) (1088 4160 -192 ) 
4 0 2 (1088 4160 -768 ) (1088 4096 -768 ) (1088 4096 -512 ) (1088 4160 -512 ) 
4 1 9 (1024 4096 -192 ) (1024 4096 768 ) (1024 4160 768 ) (1024 4160 -192 ) 
4 1 4 (1088 4096 768 ) (1024 4096 768 ) (1024 4096 -192 ) (1088 4096 -192 ) 
4 2 11 (1024 4096 -768 ) (1024 4096 -512 ) (1024 4160 -512 ) (1024 4160 -768 ) 
4 2 5 (1024 4096 -512 ) (1024 4096 -768 ) (1088 4096 -768 ) (1088 4096 -512 ) 
4 3 6 (1088 3072 -512 ) (1408 3072 -512 ) (1408 3072 768 ) (1088 3072 768 ) 
4 3 5 (1088 4096 -512 ) (1408 4096 -512 ) (1408 3072 -512 ) (1088 3072 -512 ) 
4 3 4 (1088 3072 -192 ) (1088 3072 768 ) (1088 4096 768 ) (1088 4096 -192 ) 
4 4 13 (1024 3072 -192 ) (1024 3072 768 ) (1024 4096 768 ) (1024 4096 -192 ) 
4 4 7 (1024 3072 768 ) (1024 3072 -192 ) (1088 3072 -192 ) (1088 3072 768 ) 
4 5 15 (1024 3072 -768 ) (1024 3072 -512 ) (1024 4096 -512 ) (1024 4096 -768 ) 
4 5 8 (1024 3072 -512 ) (1024 3072 -768 ) (1408 3072 -768 ) (1408 3072 -512 ) 
4 6 21 (1408 2048 -512 ) (1408 2048 768 ) (1088 2048 768 ) (1088 2048 -512 ) 
4 6 8 (1088 3072 -512 ) (1408 3072 -512 ) (1408 2048 -512 ) (1088 2048 -512 ) 
4 6 7 (1088 2048 -192 ) (1088 2048 768 ) (1088 3072 768 ) (1088 3072 -192 ) 
4 7 22 (1088 2048 768 ) (1024 2048 768 ) (1024 2048 -192 ) (1088 2048 -192 ) 
4 7 16 (1024 2048 -192 ) (1024 2048 768 ) (1024 3072 768 ) (1024 3072 -192 ) 
4 8 23 (1408 2048 -768 ) (1408 2048 -512 ) (1024 2048 -512 ) (1024 2048 -768 ) 
4 8 18 (1024 2048 -768 ) (1024 2048 -512 ) (1024 3072 -512 ) (1024 3072 -768 ) 
4 9 13 (1024 4096 -448 ) (1024 4096 768 ) (64 4096 768 ) (64 4096 -448 ) 
4 9 10 (64 4160 768 ) (64 4160 -192 ) (64 4096 -192 ) (64 4096 768 ) 
4 10 14 (0 4096 768 ) (0 4096 -192 ) (64 4096 -192 ) (64 4096 768 ) 
4 10 12 (0 4096 -192 ) (0 4096 768 ) (0 4160 768 ) (0 4160 -192 ) 
4 11 15 (1024 4096 -768 ) (1024 4096 -512 ) (0 4096 -512 ) (0 4096 -768 ) 
4 11 12 (0 4096 -768 ) (0 4096 -512 ) (0 4160 -512 ) (0 4160 -768 ) 
4 12 19 (0 4096 -768 ) (0 4096 768 ) (-448 4096 768 ) (-448 4096 -768 ) 
4 13 16 (1024 3072 -448 ) (1024 3072 768 ) (64 3072 768 ) (64 3072 -448 ) 
4 13 14 (64 3072 -192 ) (64 3072 768 ) (64 4096 768 ) (64 4096 -192 ) 
4 14 19 (0 4096 768 ) (0 4096 -192 ) (0 3072 -192 ) (0 3072 768 ) 
4 14 17 (0 3072 768 ) (0 3072 -192 ) (64 3072 -192 ) (64 3072 768 ) 
4 15 19 (0 4096 -512 ) (0 4096 -768 ) (0 3072 -768 ) (0 3072 -512 ) 
4 15 18 (1024 3072 -768 ) (1024 3072 -512 ) (0 3072 -512 ) (0 3072 -768 ) 
4 16 30 (1024 2048 -448 ) (1024 2048 768 ) (64 2048 768 ) (64 2048 -448 ) 
4 16 17 (64 2048 -192 ) (64 2048 768 ) (64 3072 768 ) (64 3072 -192 ) 
4 17 31 (0 2048 768 ) (0 2048 -192 ) (64 2048 -192 ) (64 2048 768 ) 
4 17 20 (0 2048 -192 ) (0 2048 768 ) (0 3072 768 ) (0 3072 -192 ) 
4 18 32 (1024 2048 -768 ) (1024 2048 -512 ) (0 2048 -512 ) (0 2048 -768 ) 
4 18 20 (0 2048 -768 ) (0 2048 -512 ) (0 3072 -512 ) (0 3072 -768 ) 
4 19 20 (0 3072 -768 ) (0 3072 768 ) (-448 3072 768 ) (-448 3072 -768 ) 
4 20 36 (0 2048 -768 ) (0 2048 768 ) (-448 2048 768 ) (-448 2048 -768 ) 
4 21 24 (1088 1024 -512 ) (1408 1024 -512 ) (1408 1024 768 ) (1088 1024 768 ) 
4 21 23 (1408 2048 -512 ) (1408 1024 -512 ) (1088 1024 -512 ) (1088 2048 -512 ) 
4 21 22 (1088 1024 -192 ) (1088 1024 768 ) (1088 2048 768 ) (1088 2048 -192 ) 
4 22 30 (1024 2048 768 ) (1024 2048 -192 ) (1024 1024 -192 ) (1024 1024 768 ) 
4 22 25 (1024 1024 768 ) (1024 1024 -192 ) (1088 1024 -192 ) (1088 1024 768 ) 
4 23 32 (1024 2048 -512 ) (1024 2048 -768 ) (1024 1024 -768 ) (1024 1024 -512 ) 
4 23 26 (1024 1024 -512 ) (1024 1024 -768 ) (1408 1024 -768 ) (1408 1024 -512 ) 
4 24 27 (1408 0 -512 ) (1408 0 768 ) (1088 0 768 ) (1088 0 -512 ) 
4 24 26 (1088 1024 -512 ) (1408 1024 -512 ) (1408 0 -512 ) (1088 0 -512 ) 
4 24 25 (1088 0 -192 ) (1088 0 768 ) (1088 1024 768 ) (1088 1024 -192 ) 
4 25 33 (1024 0 -192 ) (1024 0 768 ) (1024 1024 768 ) (1024 1024 -192 ) 
4 25 28 (1088 0 768 ) (1024 0 768 ) (1024 0 -192 ) (1088 0 -192 ) 
4 26 35 (1024 0 -768 ) (1024 0 -512 ) (1024 1024 -512 ) (1024 1024 -768 ) 
4 26 29 (1088 0 -512 ) (1024 0 -512 ) (1024 0 -768 ) (1088 0 -768 ) 
4 26 27 (1408 0 -768 ) (1408 0 -512 ) (1088 0 -512 ) (1088 0 -768 ) 
4 27 28 (1088 -64 -192 ) (1088 -64 768 ) (1088 0 768 ) (1088 0 -192 ) 
4 27 29 (1088 0 -768 ) (1088 -64 -768 ) (1088 -64 -512 ) (1088 0 -512 ) 
4 28 38 (1024 -64 -192 ) (1024 -64 768 ) (1024 0 768 ) (1024 0 -192 ) 
4 29 40 (1024 -64 -768 ) (1024 -64 -512 ) (1024 0 -512 ) (1024 0 -768 ) 
4 30 33 (1024 1024 -448 ) (1024 1024 768 ) (64 1024 768 ) (64 1024 -448 ) 
4 30 31 (64 1024 -192 ) (64 1024 768 ) (64 2048 768 ) (64 2048 -192 ) 
4 31 36 (0 2048 768 ) (0 2048 -192 ) (0 1024 -192 ) (0 1024 768 ) 
4 31 34 (0 1024 768 ) (0 1024 -192 ) (64 1024 -192 ) (64 1024 768 ) 
4 32 36 (0 2048 -512 ) (0 2048 -768 ) (0 1024 -768 ) (0 1024 -512 ) 
4 32 35 (1024 1024 -768 ) (1024 1024 -512 ) (0 1024 -512 ) (0 1024 -768 ) 
4 33 39 (1024 0 -448 ) (1024 0 -192 ) (64 0 -192 ) (64 0 -448 ) 
4 33 38 (1024 0 -192 ) (1024 0 768 ) (64 0 768 ) (64 0 -192 ) 
4 33 34 (64 0 -192 ) (64 0 768 ) (64 1024 768 ) (64 1024 -192 ) 
4 34 38 (0 0 768 ) (0 0 -192 ) (64 0 -192 ) (64 0 768 ) 
4 34 37 (0 0 -192 ) (0 0 768 ) (0 1024 768 ) (0 1024 -192 ) 
4 35 41 (64 0 -512 ) (0 0 -512 ) (0 0 -768 ) (64 0 -768 ) 
4 35 40 (1024 0 -768 ) (1024 0 -512 ) (64 0 -512 ) (64 0 -768 ) 
4 35 37 (0 0 -768 ) (0 0 -512 ) (0 1024 -512 ) (0 1024 -768 ) 
4 36 37 (0 1024 -768 ) (0 1024 768 ) (-448 1024 768 ) (-448 1024 -768 ) 
4 37 42 (0 0 -768 ) (0 0 768 ) (-448 0 768 ) (-448 0 -768 ) 
4 38 42 (0 0 768 ) (0 0 -192 ) (0 -64 -192 ) (0 -64 768 ) 
4 38 39 (64 -63 -192 ) (64 0 -192 ) (1024 0 -192 ) (1024 -63 -192 ) 
4 40 41 (64 -64 -768 ) (64 -64 -512 ) (64 0 -512 ) (64 0 -768 ) 
4 41 42 (0 0 -512 ) (0 0 -768 ) (0 -64 -768 ) (0 -64 -512 ) 
